<?xml version="1.0" encoding="UTF-8"?>
<testsuite xmlns:xsi="http://www.w3.org/2001/XMLSchema-instance" xsi:noNamespaceSchemaLocation="https://maven.apache.org/surefire/maven-surefire-plugin/xsd/surefire-test-report-3.0.xsd" version="3.0" name="com.example.hoover.controller.HooverControllerTest" time="0.829" tests="1" errors="0" skipped="0" failures="0">
  <properties>
[...]
</properties>
  <testcase name="testNavigateEndpoint" classname="com.example.hoover.controller.HooverControllerTest" time="0.348">
    <system-out><![CDATA[2024-10-16T12:27:39.922+03:00  INFO 15432 --- [backend-hoover-service] [           main] t.c.s.AnnotationConfigContextLoaderUtils : Could not detect default configuration classes for test class [com.example.hoover.controller.HooverControllerTest]: HooverControllerTest does not declare any static, non-private, non-final, nested classes annotated with @Configuration.
2024-10-16T12:27:39.941+03:00  INFO 15432 --- [backend-hoover-service] [           main] .b.t.c.SpringBootTestContextBootstrapper : Found @SpringBootConfiguration com.example.hoover.BackendHooverServiceApplication for test class com.example.hoover.controller.HooverControllerTest
2024-10-16T12:27:39.944+03:00  INFO 15432 --- [backend-hoover-service] [           main] o.s.b.d.r.RestartApplicationListener     : Restart disabled due to context in which it is running

  .   ____          _            __ _ _
 /\\ / ___'_ __ _ _(_)_ __  __ _ \ \ \ \
( ( )\___ | '_ | '_| | '_ \/ _` | \ \ \ \
 \\/  ___)| |_)| | | | | || (_| |  ) ) ) )
  '  |____| .__|_| |_|_| |_\__, | / / / /
 =========|_|==============|___/=/_/_/_/

 :: Spring Boot ::                (v3.3.4)

2024-10-16T12:27:39.971+03:00  INFO 15432 --- [backend-hoover-service] [           main] c.e.h.controller.HooverControllerTest    : Starting HooverControllerTest using Java 23 with PID 15432 (started by lazaros.sotiriadis in C:\dev\backend-hoover-service)
2024-10-16T12:27:39.971+03:00  INFO 15432 --- [backend-hoover-service] [           main] c.e.h.controller.HooverControllerTest    : No active profile set, falling back to 1 default profile: "default"
2024-10-16T12:27:39.972+03:00 DEBUG 15432 --- [backend-hoover-service] [           main] o.s.w.c.s.GenericWebApplicationContext   : Refreshing org.springframework.web.context.support.GenericWebApplicationContext@113dcaf8
2024-10-16T12:27:40.275+03:00 DEBUG 15432 --- [backend-hoover-service] [           main] s.w.s.m.m.a.RequestMappingHandlerMapping : 3 mappings in 'requestMappingHandlerMapping'
2024-10-16T12:27:40.310+03:00 DEBUG 15432 --- [backend-hoover-service] [           main] o.s.w.s.handler.SimpleUrlHandlerMapping  : Patterns [/webjars/**, /**] in 'resourceHandlerMapping'
2024-10-16T12:27:40.317+03:00 DEBUG 15432 --- [backend-hoover-service] [           main] s.w.s.m.m.a.RequestMappingHandlerAdapter : ControllerAdvice beans: 0 @ModelAttribute, 0 @InitBinder, 1 RequestBodyAdvice, 1 ResponseBodyAdvice
2024-10-16T12:27:40.321+03:00 DEBUG 15432 --- [backend-hoover-service] [           main] .m.m.a.ExceptionHandlerExceptionResolver : ControllerAdvice beans: 1 @ExceptionHandler, 1 ResponseBodyAdvice
2024-10-16T12:27:40.374+03:00  INFO 15432 --- [backend-hoover-service] [           main] o.s.b.t.m.w.SpringBootMockServletContext : Initializing Spring TestDispatcherServlet ''
2024-10-16T12:27:40.374+03:00  INFO 15432 --- [backend-hoover-service] [           main] o.s.t.web.servlet.TestDispatcherServlet  : Initializing Servlet ''
2024-10-16T12:27:40.378+03:00  INFO 15432 --- [backend-hoover-service] [           main] o.s.t.web.servlet.TestDispatcherServlet  : Completed initialization in 1 ms
2024-10-16T12:27:40.390+03:00  INFO 15432 --- [backend-hoover-service] [           main] c.e.h.controller.HooverControllerTest    : Started HooverControllerTest in 0.446 seconds (process running for 3.28)
2024-10-16T12:27:40.623+03:00 DEBUG 15432 --- [backend-hoover-service] [           main] s.w.s.m.m.a.RequestMappingHandlerMapping : Mapped to com.example.hoover.controller.HooverController#navigate(HooverRequest)
2024-10-16T12:27:40.667+03:00 DEBUG 15432 --- [backend-hoover-service] [           main] m.m.a.RequestResponseBodyMethodProcessor : Read "application/json;charset=UTF-8" to [com.example.hoover.dto.HooverRequest@4f20b022]
2024-10-16T12:27:40.712+03:00 DEBUG 15432 --- [backend-hoover-service] [           main] o.s.w.s.m.m.a.HttpEntityMethodProcessor  : Using 'application/json', given [*/*] and supported [application/json, application/*+json]
2024-10-16T12:27:40.712+03:00 DEBUG 15432 --- [backend-hoover-service] [           main] o.s.w.s.m.m.a.HttpEntityMethodProcessor  : Writing [com.example.hoover.dto.HooverResponse@713e7d9a]
]]></system-out>
  </testcase>
</testsuite>